{"timestamp":"2025-12-02T04:30:03.843Z","event":"boot","runtime":"opus67","durationMs":87.16,"mode":"auto","config":{"tokenBudget":50000,"maxSkills":5,"autoConnectMcps":true,"defaultMode":"auto","showBootScreen":true}}
{"timestamp":"2025-12-02T04:31:30.794Z","event":"boot","runtime":"opus67","durationMs":128.81,"mode":"auto","config":{"tokenBudget":50000,"maxSkills":5,"autoConnectMcps":true,"defaultMode":"auto","showBootScreen":true}}
{"timestamp":"2025-12-02T04:31:30.925Z","event":"process","runtime":"opus67","totalMs":126.2,"detectMs":30.81,"skillsMs":27.25,"mcpsMs":14.44,"mode":"creative","confidence":1,"complexity":6,"skillsLoaded":5,"mcpsConnected":4}
{"timestamp":"2025-12-02T04:31:30.983Z","event":"boot","runtime":"opus67","durationMs":57.1,"mode":"auto","config":{"tokenBudget":50000,"maxSkills":5,"autoConnectMcps":true,"defaultMode":"auto","showBootScreen":true}}
{"timestamp":"2025-12-02T04:33:51.881Z","event":"boot","runtime":"opus67","durationMs":147.4,"mode":"auto","config":{"tokenBudget":50000,"maxSkills":5,"autoConnectMcps":true,"defaultMode":"auto","showBootScreen":true}}
{"timestamp":"2025-12-02T04:33:51.995Z","event":"process","runtime":"opus67","totalMs":109.55,"detectMs":26.16,"skillsMs":20.75,"mcpsMs":11.92,"mode":"creative","confidence":1,"complexity":6,"skillsLoaded":5,"mcpsConnected":4}
{"timestamp":"2025-12-02T04:33:52.059Z","event":"boot","runtime":"opus67","durationMs":62.69,"mode":"auto","config":{"tokenBudget":50000,"maxSkills":5,"autoConnectMcps":true,"defaultMode":"auto","showBootScreen":true}}
{"timestamp":"2025-12-02T04:34:21.668Z","event":"boot","runtime":"opus67","durationMs":146.07,"mode":"auto","config":{"tokenBudget":50000,"maxSkills":5,"autoConnectMcps":true,"defaultMode":"auto","showBootScreen":true}}
{"timestamp":"2025-12-02T04:34:21.789Z","event":"process","runtime":"opus67","totalMs":117.29,"detectMs":23.85,"skillsMs":23.08,"mcpsMs":14.24,"mode":"creative","confidence":1,"complexity":6,"skillsLoaded":5,"mcpsConnected":6}
{"timestamp":"2025-12-02T04:34:21.842Z","event":"boot","runtime":"opus67","durationMs":52.05,"mode":"auto","config":{"tokenBudget":50000,"maxSkills":5,"autoConnectMcps":true,"defaultMode":"auto","showBootScreen":true}}
{"timestamp":"2025-12-02T04:35:48.827Z","event":"boot","runtime":"opus67","durationMs":97.59,"mode":"auto","config":{"tokenBudget":50000,"maxSkills":5,"autoConnectMcps":true,"defaultMode":"auto","showBootScreen":true}}
{"timestamp":"2025-12-02T04:35:48.905Z","event":"process","runtime":"opus67","totalMs":75.04,"detectMs":17.37,"skillsMs":15.26,"mcpsMs":8.91,"mode":"creative","confidence":1,"complexity":6,"skillsLoaded":5,"mcpsConnected":6}
{"timestamp":"2025-12-02T04:35:48.948Z","event":"boot","runtime":"opus67","durationMs":41.85,"mode":"auto","config":{"tokenBudget":50000,"maxSkills":5,"autoConnectMcps":true,"defaultMode":"auto","showBootScreen":true}}
{"timestamp":"2025-12-02T05:00:52.713Z","event":"boot","runtime":"opus67","durationMs":142.17,"mode":"auto","config":{"tokenBudget":50000,"maxSkills":5,"autoConnectMcps":true,"defaultMode":"auto","showBootScreen":true}}
{"timestamp":"2025-12-02T05:00:52.826Z","event":"process","runtime":"opus67","totalMs":109.54,"detectMs":21.63,"skillsMs":24.37,"mcpsMs":17.08,"mode":"creative","confidence":1,"complexity":6,"skillsLoaded":5,"mcpsConnected":6}
{"timestamp":"2025-12-02T05:00:52.886Z","event":"boot","runtime":"opus67","durationMs":59.45,"mode":"auto","config":{"tokenBudget":50000,"maxSkills":5,"autoConnectMcps":true,"defaultMode":"auto","showBootScreen":true}}
{"timestamp":"2025-12-02T05:29:16.932Z","event":"boot","runtime":"opus67","durationMs":140.04,"mode":"auto","config":{"tokenBudget":50000,"maxSkills":5,"autoConnectMcps":true,"defaultMode":"auto","showBootScreen":true}}
{"timestamp":"2025-12-02T05:30:52.449Z","event":"boot","runtime":"opus67","durationMs":137.43,"mode":"auto","config":{"tokenBudget":50000,"maxSkills":5,"autoConnectMcps":true,"defaultMode":"auto","showBootScreen":true}}
{"timestamp":"2025-12-02T05:31:45.869Z","event":"boot","runtime":"opus67","durationMs":129.7,"mode":"auto","config":{"tokenBudget":50000,"maxSkills":5,"autoConnectMcps":true,"defaultMode":"auto","showBootScreen":true}}
{"timestamp":"2025-12-02T05:32:34.681Z","event":"boot","runtime":"opus67","durationMs":145.07,"mode":"auto","config":{"tokenBudget":50000,"maxSkills":5,"autoConnectMcps":true,"defaultMode":"auto","showBootScreen":true}}
{"timestamp":"2025-12-02T05:33:24.517Z","event":"boot","runtime":"opus67","durationMs":151.22,"mode":"auto","config":{"tokenBudget":50000,"maxSkills":5,"autoConnectMcps":true,"defaultMode":"auto","showBootScreen":true}}
{"timestamp":"2025-12-02T05:34:29.443Z","event":"boot","runtime":"opus67","durationMs":154.16,"mode":"auto","config":{"tokenBudget":50000,"maxSkills":5,"autoConnectMcps":true,"defaultMode":"auto","showBootScreen":true}}
{"timestamp":"2025-12-02T05:35:43.637Z","event":"boot","runtime":"opus67","durationMs":142.1,"mode":"auto","config":{"tokenBudget":50000,"maxSkills":5,"autoConnectMcps":true,"defaultMode":"auto","showBootScreen":true}}
{"timestamp":"2025-12-04T05:43:55.427Z","event":"boot","runtime":"opus67","durationMs":44.21,"mode":"auto","config":{"tokenBudget":50000,"maxSkills":5,"autoConnectMcps":true,"defaultMode":"auto","showBootScreen":true}}
{"timestamp":"2025-12-04T05:43:55.480Z","event":"process","runtime":"opus67","totalMs":50.95,"detectMs":0.16,"skillsMs":31.63,"mcpsMs":18.84,"mode":"light","confidence":1,"complexity":1,"skillsLoaded":2,"mcpsConnected":3}
{"timestamp":"2025-12-04T05:43:55.527Z","event":"boot","runtime":"opus67","durationMs":46.51,"mode":"auto","config":{"tokenBudget":50000,"maxSkills":5,"autoConnectMcps":true,"defaultMode":"auto","showBootScreen":true}}
{"timestamp":"2025-12-04T05:43:55.572Z","event":"process","runtime":"opus67","totalMs":44.16,"detectMs":0.11,"skillsMs":27.27,"mcpsMs":16.54,"mode":"creative","confidence":1,"complexity":6,"skillsLoaded":5,"mcpsConnected":4}
{"timestamp":"2025-12-04T05:43:55.619Z","event":"boot","runtime":"opus67","durationMs":46.18,"mode":"auto","config":{"tokenBudget":50000,"maxSkills":5,"autoConnectMcps":true,"defaultMode":"auto","showBootScreen":true}}
{"timestamp":"2025-12-04T05:43:55.678Z","event":"process","runtime":"opus67","totalMs":58.63,"detectMs":0.17,"skillsMs":34.43,"mcpsMs":23.88,"mode":"build","confidence":1,"complexity":3,"skillsLoaded":4,"mcpsConnected":3}
{"timestamp":"2025-12-04T05:43:55.742Z","event":"boot","runtime":"opus67","durationMs":62.94,"mode":"auto","config":{"tokenBudget":50000,"maxSkills":5,"autoConnectMcps":true,"defaultMode":"auto","showBootScreen":true}}
{"timestamp":"2025-12-04T05:43:55.811Z","event":"process","runtime":"opus67","totalMs":67.85,"detectMs":0.11,"skillsMs":38.84,"mcpsMs":28.75,"mode":"data","confidence":0.6666666666666666,"complexity":3,"skillsLoaded":3,"mcpsConnected":6}
{"timestamp":"2025-12-04T05:43:55.866Z","event":"boot","runtime":"opus67","durationMs":54.04,"mode":"auto","config":{"tokenBudget":50000,"maxSkills":5,"autoConnectMcps":true,"defaultMode":"auto","showBootScreen":true}}
{"timestamp":"2025-12-04T05:43:55.921Z","event":"process","runtime":"opus67","totalMs":53.28,"detectMs":0.03,"skillsMs":34.26,"mcpsMs":18.92,"mode":"vibe","confidence":1,"complexity":4,"skillsLoaded":4,"mcpsConnected":4}
{"timestamp":"2025-12-04T05:43:55.970Z","event":"boot","runtime":"opus67","durationMs":49.14,"mode":"vibe","config":{"tokenBudget":50000,"maxSkills":5,"autoConnectMcps":true,"defaultMode":"auto","showBootScreen":true}}
{"timestamp":"2025-12-04T05:44:32.522Z","event":"boot","runtime":"opus67","durationMs":41.34,"mode":"auto","config":{"tokenBudget":50000,"maxSkills":5,"autoConnectMcps":true,"defaultMode":"auto","showBootScreen":true}}
{"timestamp":"2025-12-04T05:44:32.567Z","event":"process","runtime":"opus67","totalMs":42.87,"detectMs":0.14,"skillsMs":25.75,"mcpsMs":16.69,"mode":"light","confidence":1,"complexity":1,"skillsLoaded":2,"mcpsConnected":3}
{"timestamp":"2025-12-04T05:44:32.607Z","event":"boot","runtime":"opus67","durationMs":39.46,"mode":"auto","config":{"tokenBudget":50000,"maxSkills":5,"autoConnectMcps":true,"defaultMode":"auto","showBootScreen":true}}
{"timestamp":"2025-12-04T05:44:32.647Z","event":"process","runtime":"opus67","totalMs":39.26,"detectMs":0.1,"skillsMs":23.9,"mcpsMs":15.04,"mode":"creative","confidence":1,"complexity":6,"skillsLoaded":5,"mcpsConnected":4}
{"timestamp":"2025-12-04T05:44:32.688Z","event":"boot","runtime":"opus67","durationMs":40.52,"mode":"auto","config":{"tokenBudget":50000,"maxSkills":5,"autoConnectMcps":true,"defaultMode":"auto","showBootScreen":true}}
{"timestamp":"2025-12-04T05:44:32.732Z","event":"process","runtime":"opus67","totalMs":43.23,"detectMs":0.11,"skillsMs":27.55,"mcpsMs":15.45,"mode":"build","confidence":1,"complexity":3,"skillsLoaded":4,"mcpsConnected":3}
{"timestamp":"2025-12-04T05:44:32.772Z","event":"boot","runtime":"opus67","durationMs":38.67,"mode":"auto","config":{"tokenBudget":50000,"maxSkills":5,"autoConnectMcps":true,"defaultMode":"auto","showBootScreen":true}}
{"timestamp":"2025-12-04T05:44:32.812Z","event":"process","runtime":"opus67","totalMs":39.23,"detectMs":0.11,"skillsMs":24.37,"mcpsMs":14.65,"mode":"data","confidence":0.6666666666666666,"complexity":3,"skillsLoaded":3,"mcpsConnected":6}
{"timestamp":"2025-12-04T05:44:32.856Z","event":"boot","runtime":"opus67","durationMs":43.5,"mode":"auto","config":{"tokenBudget":50000,"maxSkills":5,"autoConnectMcps":true,"defaultMode":"auto","showBootScreen":true}}
{"timestamp":"2025-12-04T05:44:32.899Z","event":"process","runtime":"opus67","totalMs":41.32,"detectMs":0.02,"skillsMs":26.24,"mcpsMs":14.99,"mode":"vibe","confidence":1,"complexity":4,"skillsLoaded":4,"mcpsConnected":4}
{"timestamp":"2025-12-04T05:44:32.937Z","event":"boot","runtime":"opus67","durationMs":38.15,"mode":"vibe","config":{"tokenBudget":50000,"maxSkills":5,"autoConnectMcps":true,"defaultMode":"auto","showBootScreen":true}}
{"timestamp":"2025-12-04T05:57:05.194Z","event":"boot","runtime":"opus67","durationMs":35.43,"mode":"auto","config":{"tokenBudget":50000,"maxSkills":5,"autoConnectMcps":true,"defaultMode":"auto","showBootScreen":true}}
{"timestamp":"2025-12-04T05:57:05.232Z","event":"process","runtime":"opus67","totalMs":37,"detectMs":0.1,"skillsMs":23.67,"mcpsMs":12.98,"mode":"light","confidence":1,"complexity":1,"skillsLoaded":2,"mcpsConnected":3}
{"timestamp":"2025-12-04T05:57:05.267Z","event":"boot","runtime":"opus67","durationMs":34.04,"mode":"auto","config":{"tokenBudget":50000,"maxSkills":5,"autoConnectMcps":true,"defaultMode":"auto","showBootScreen":true}}
{"timestamp":"2025-12-04T05:57:05.303Z","event":"process","runtime":"opus67","totalMs":35.55,"detectMs":0.09,"skillsMs":22.44,"mcpsMs":12.85,"mode":"creative","confidence":1,"complexity":6,"skillsLoaded":5,"mcpsConnected":4}
{"timestamp":"2025-12-04T05:57:05.339Z","event":"boot","runtime":"opus67","durationMs":34.79,"mode":"auto","config":{"tokenBudget":50000,"maxSkills":5,"autoConnectMcps":true,"defaultMode":"auto","showBootScreen":true}}
{"timestamp":"2025-12-04T05:57:05.377Z","event":"process","runtime":"opus67","totalMs":37.37,"detectMs":0.09,"skillsMs":24.31,"mcpsMs":12.86,"mode":"build","confidence":1,"complexity":3,"skillsLoaded":4,"mcpsConnected":3}
{"timestamp":"2025-12-04T05:57:05.413Z","event":"boot","runtime":"opus67","durationMs":35.47,"mode":"auto","config":{"tokenBudget":50000,"maxSkills":5,"autoConnectMcps":true,"defaultMode":"auto","showBootScreen":true}}
{"timestamp":"2025-12-04T05:57:05.450Z","event":"process","runtime":"opus67","totalMs":35.92,"detectMs":0.11,"skillsMs":21.37,"mcpsMs":14.35,"mode":"data","confidence":0.6666666666666666,"complexity":3,"skillsLoaded":3,"mcpsConnected":6}
{"timestamp":"2025-12-04T05:57:05.484Z","event":"boot","runtime":"opus67","durationMs":33.5,"mode":"auto","config":{"tokenBudget":50000,"maxSkills":5,"autoConnectMcps":true,"defaultMode":"auto","showBootScreen":true}}
{"timestamp":"2025-12-04T05:57:05.519Z","event":"process","runtime":"opus67","totalMs":33.64,"detectMs":0.02,"skillsMs":20.15,"mcpsMs":13.41,"mode":"vibe","confidence":1,"complexity":4,"skillsLoaded":4,"mcpsConnected":4}
{"timestamp":"2025-12-04T05:57:05.553Z","event":"boot","runtime":"opus67","durationMs":33.37,"mode":"vibe","config":{"tokenBudget":50000,"maxSkills":5,"autoConnectMcps":true,"defaultMode":"auto","showBootScreen":true}}
{"timestamp":"2025-12-04T08:34:46.834Z","event":"boot","runtime":"opus67","durationMs":39.41,"mode":"auto","config":{"tokenBudget":50000,"maxSkills":5,"autoConnectMcps":true,"defaultMode":"auto","showBootScreen":true}}
{"timestamp":"2025-12-04T08:34:46.876Z","event":"process","runtime":"opus67","totalMs":40.16,"detectMs":0.31,"skillsMs":24.91,"mcpsMs":14.61,"mode":"light","confidence":1,"complexity":1,"skillsLoaded":2,"mcpsConnected":3}
{"timestamp":"2025-12-04T08:34:46.916Z","event":"boot","runtime":"opus67","durationMs":39.06,"mode":"auto","config":{"tokenBudget":50000,"maxSkills":5,"autoConnectMcps":true,"defaultMode":"auto","showBootScreen":true}}
{"timestamp":"2025-12-04T08:34:46.962Z","event":"process","runtime":"opus67","totalMs":45.98,"detectMs":0.11,"skillsMs":30.87,"mcpsMs":14.78,"mode":"creative","confidence":1,"complexity":6,"skillsLoaded":5,"mcpsConnected":4}
{"timestamp":"2025-12-04T08:34:47.000Z","event":"boot","runtime":"opus67","durationMs":37.21,"mode":"auto","config":{"tokenBudget":50000,"maxSkills":5,"autoConnectMcps":true,"defaultMode":"auto","showBootScreen":true}}
{"timestamp":"2025-12-04T08:34:47.047Z","event":"process","runtime":"opus67","totalMs":45.26,"detectMs":0.1,"skillsMs":27.45,"mcpsMs":17.59,"mode":"build","confidence":1,"complexity":3,"skillsLoaded":4,"mcpsConnected":3}
{"timestamp":"2025-12-04T08:34:47.086Z","event":"boot","runtime":"opus67","durationMs":38.6,"mode":"auto","config":{"tokenBudget":50000,"maxSkills":5,"autoConnectMcps":true,"defaultMode":"auto","showBootScreen":true}}
{"timestamp":"2025-12-04T08:34:47.130Z","event":"process","runtime":"opus67","totalMs":43.94,"detectMs":0.1,"skillsMs":26.48,"mcpsMs":17.18,"mode":"data","confidence":0.6666666666666666,"complexity":3,"skillsLoaded":3,"mcpsConnected":6}
{"timestamp":"2025-12-04T08:34:47.183Z","event":"boot","runtime":"opus67","durationMs":51.57,"mode":"auto","config":{"tokenBudget":50000,"maxSkills":5,"autoConnectMcps":true,"defaultMode":"auto","showBootScreen":true}}
{"timestamp":"2025-12-04T08:34:47.230Z","event":"process","runtime":"opus67","totalMs":44.33,"detectMs":0.04,"skillsMs":29.97,"mcpsMs":14.23,"mode":"vibe","confidence":1,"complexity":4,"skillsLoaded":4,"mcpsConnected":4}
{"timestamp":"2025-12-04T08:34:47.270Z","event":"boot","runtime":"opus67","durationMs":38.61,"mode":"vibe","config":{"tokenBudget":50000,"maxSkills":5,"autoConnectMcps":true,"defaultMode":"auto","showBootScreen":true}}
