{"timestamp":"2025-12-02T03:17:52.840Z","event":"boot","runtime":"opus67","durationMs":87.63,"mode":"auto","config":{"tokenBudget":50000,"maxSkills":5,"autoConnectMcps":true,"defaultMode":"auto","showBootScreen":true}}
{"timestamp":"2025-12-02T07:55:07.176Z","event":"boot","runtime":"opus67","durationMs":50.27,"mode":"auto","config":{"tokenBudget":50000,"maxSkills":5,"autoConnectMcps":true,"defaultMode":"auto","showBootScreen":true}}
{"timestamp":"2025-12-02T07:55:07.257Z","event":"process","runtime":"opus67","totalMs":73.89,"detectMs":14.28,"skillsMs":16.48,"mcpsMs":12.76,"mode":"light","confidence":1,"complexity":1,"skillsLoaded":1,"mcpsConnected":3}
{"timestamp":"2025-12-02T07:55:07.303Z","event":"boot","runtime":"opus67","durationMs":45.75,"mode":"auto","config":{"tokenBudget":50000,"maxSkills":5,"autoConnectMcps":true,"defaultMode":"auto","showBootScreen":true}}
{"timestamp":"2025-12-02T07:55:07.376Z","event":"process","runtime":"opus67","totalMs":70.89,"detectMs":15.15,"skillsMs":12.09,"mcpsMs":10.73,"mode":"creative","confidence":1,"complexity":6,"skillsLoaded":5,"mcpsConnected":5}
{"timestamp":"2025-12-02T07:55:07.448Z","event":"boot","runtime":"opus67","durationMs":71.6,"mode":"auto","config":{"tokenBudget":50000,"maxSkills":5,"autoConnectMcps":true,"defaultMode":"auto","showBootScreen":true}}
{"timestamp":"2025-12-02T07:55:07.537Z","event":"process","runtime":"opus67","totalMs":85.97,"detectMs":21.16,"skillsMs":10.77,"mcpsMs":11.74,"mode":"build","confidence":1,"complexity":3,"skillsLoaded":4,"mcpsConnected":5}
{"timestamp":"2025-12-02T07:55:07.612Z","event":"boot","runtime":"opus67","durationMs":74.49,"mode":"auto","config":{"tokenBudget":50000,"maxSkills":5,"autoConnectMcps":true,"defaultMode":"auto","showBootScreen":true}}
{"timestamp":"2025-12-02T07:55:07.711Z","event":"process","runtime":"opus67","totalMs":97.43,"detectMs":21.57,"skillsMs":16.57,"mcpsMs":13.04,"mode":"data","confidence":0.6666666666666666,"complexity":3,"skillsLoaded":2,"mcpsConnected":6}
{"timestamp":"2025-12-02T07:55:07.782Z","event":"boot","runtime":"opus67","durationMs":70.29,"mode":"auto","config":{"tokenBudget":50000,"maxSkills":5,"autoConnectMcps":true,"defaultMode":"auto","showBootScreen":true}}
{"timestamp":"2025-12-02T07:55:07.905Z","event":"process","runtime":"opus67","totalMs":120.77,"detectMs":22.83,"skillsMs":27.69,"mcpsMs":15.65,"mode":"vibe","confidence":1,"complexity":4,"skillsLoaded":4,"mcpsConnected":4}
{"timestamp":"2025-12-02T07:55:07.998Z","event":"boot","runtime":"opus67","durationMs":91.95,"mode":"vibe","config":{"tokenBudget":50000,"maxSkills":5,"autoConnectMcps":true,"defaultMode":"auto","showBootScreen":true}}
{"timestamp":"2025-12-02T07:56:24.628Z","event":"boot","runtime":"opus67","durationMs":83.32,"mode":"auto","config":{"tokenBudget":50000,"maxSkills":5,"autoConnectMcps":true,"defaultMode":"auto","showBootScreen":true}}
{"timestamp":"2025-12-02T07:56:24.740Z","event":"process","runtime":"opus67","totalMs":107.63,"detectMs":23.77,"skillsMs":21.82,"mcpsMs":14.34,"mode":"light","confidence":1,"complexity":1,"skillsLoaded":1,"mcpsConnected":3}
{"timestamp":"2025-12-02T07:56:24.804Z","event":"boot","runtime":"opus67","durationMs":63.39,"mode":"auto","config":{"tokenBudget":50000,"maxSkills":5,"autoConnectMcps":true,"defaultMode":"auto","showBootScreen":true}}
{"timestamp":"2025-12-02T07:56:24.901Z","event":"process","runtime":"opus67","totalMs":95.77,"detectMs":25.05,"skillsMs":20.68,"mcpsMs":9.62,"mode":"creative","confidence":1,"complexity":6,"skillsLoaded":5,"mcpsConnected":5}
{"timestamp":"2025-12-02T07:56:24.975Z","event":"boot","runtime":"opus67","durationMs":73.31,"mode":"auto","config":{"tokenBudget":50000,"maxSkills":5,"autoConnectMcps":true,"defaultMode":"auto","showBootScreen":true}}
{"timestamp":"2025-12-02T07:56:25.080Z","event":"process","runtime":"opus67","totalMs":103.62,"detectMs":19.58,"skillsMs":20.02,"mcpsMs":13.44,"mode":"build","confidence":1,"complexity":3,"skillsLoaded":4,"mcpsConnected":5}
{"timestamp":"2025-12-02T07:56:25.167Z","event":"boot","runtime":"opus67","durationMs":86.45,"mode":"auto","config":{"tokenBudget":50000,"maxSkills":5,"autoConnectMcps":true,"defaultMode":"auto","showBootScreen":true}}
{"timestamp":"2025-12-02T07:56:25.250Z","event":"process","runtime":"opus67","totalMs":82.32,"detectMs":19.55,"skillsMs":15.94,"mcpsMs":11.02,"mode":"data","confidence":0.6666666666666666,"complexity":3,"skillsLoaded":2,"mcpsConnected":6}
{"timestamp":"2025-12-02T07:56:25.327Z","event":"boot","runtime":"opus67","durationMs":75.48,"mode":"auto","config":{"tokenBudget":50000,"maxSkills":5,"autoConnectMcps":true,"defaultMode":"auto","showBootScreen":true}}
{"timestamp":"2025-12-02T07:56:25.434Z","event":"process","runtime":"opus67","totalMs":105.54,"detectMs":23.05,"skillsMs":18.82,"mcpsMs":14,"mode":"vibe","confidence":1,"complexity":4,"skillsLoaded":4,"mcpsConnected":4}
{"timestamp":"2025-12-02T07:56:25.509Z","event":"boot","runtime":"opus67","durationMs":73.81,"mode":"vibe","config":{"tokenBudget":50000,"maxSkills":5,"autoConnectMcps":true,"defaultMode":"auto","showBootScreen":true}}
{"timestamp":"2025-12-02T07:57:23.192Z","event":"boot","runtime":"opus67","durationMs":48.72,"mode":"auto","config":{"tokenBudget":50000,"maxSkills":5,"autoConnectMcps":true,"defaultMode":"auto","showBootScreen":true}}
{"timestamp":"2025-12-02T07:57:23.254Z","event":"process","runtime":"opus67","totalMs":59.62,"detectMs":13.1,"skillsMs":9.84,"mcpsMs":7.84,"mode":"light","confidence":1,"complexity":1,"skillsLoaded":1,"mcpsConnected":3}
{"timestamp":"2025-12-02T07:57:23.304Z","event":"boot","runtime":"opus67","durationMs":49.86,"mode":"auto","config":{"tokenBudget":50000,"maxSkills":5,"autoConnectMcps":true,"defaultMode":"auto","showBootScreen":true}}
{"timestamp":"2025-12-02T07:57:23.378Z","event":"process","runtime":"opus67","totalMs":72.11,"detectMs":18.83,"skillsMs":12.53,"mcpsMs":8.16,"mode":"creative","confidence":1,"complexity":6,"skillsLoaded":5,"mcpsConnected":5}
{"timestamp":"2025-12-02T07:57:23.434Z","event":"boot","runtime":"opus67","durationMs":55.26,"mode":"auto","config":{"tokenBudget":50000,"maxSkills":5,"autoConnectMcps":true,"defaultMode":"auto","showBootScreen":true}}
{"timestamp":"2025-12-02T07:57:23.499Z","event":"process","runtime":"opus67","totalMs":63.76,"detectMs":14.67,"skillsMs":11.73,"mcpsMs":8.21,"mode":"build","confidence":1,"complexity":3,"skillsLoaded":4,"mcpsConnected":5}
{"timestamp":"2025-12-02T07:57:23.556Z","event":"boot","runtime":"opus67","durationMs":56.39,"mode":"auto","config":{"tokenBudget":50000,"maxSkills":5,"autoConnectMcps":true,"defaultMode":"auto","showBootScreen":true}}
{"timestamp":"2025-12-02T07:57:23.618Z","event":"process","runtime":"opus67","totalMs":60.99,"detectMs":14.01,"skillsMs":11.13,"mcpsMs":8.22,"mode":"data","confidence":0.6666666666666666,"complexity":3,"skillsLoaded":2,"mcpsConnected":6}
{"timestamp":"2025-12-02T07:57:23.676Z","event":"boot","runtime":"opus67","durationMs":57.34,"mode":"auto","config":{"tokenBudget":50000,"maxSkills":5,"autoConnectMcps":true,"defaultMode":"auto","showBootScreen":true}}
{"timestamp":"2025-12-02T07:57:23.744Z","event":"process","runtime":"opus67","totalMs":66.68,"detectMs":13.95,"skillsMs":11.61,"mcpsMs":9.59,"mode":"vibe","confidence":1,"complexity":4,"skillsLoaded":4,"mcpsConnected":4}
{"timestamp":"2025-12-02T07:57:23.795Z","event":"boot","runtime":"opus67","durationMs":50.52,"mode":"vibe","config":{"tokenBudget":50000,"maxSkills":5,"autoConnectMcps":true,"defaultMode":"auto","showBootScreen":true}}
{"timestamp":"2025-12-02T07:57:51.780Z","event":"boot","runtime":"opus67","durationMs":54.11,"mode":"auto","config":{"tokenBudget":50000,"maxSkills":5,"autoConnectMcps":true,"defaultMode":"auto","showBootScreen":true}}
{"timestamp":"2025-12-02T07:57:51.850Z","event":"process","runtime":"opus67","totalMs":66.92,"detectMs":14.56,"skillsMs":14.38,"mcpsMs":7.64,"mode":"light","confidence":1,"complexity":1,"skillsLoaded":1,"mcpsConnected":3}
{"timestamp":"2025-12-02T07:57:51.900Z","event":"boot","runtime":"opus67","durationMs":50.16,"mode":"auto","config":{"tokenBudget":50000,"maxSkills":5,"autoConnectMcps":true,"defaultMode":"auto","showBootScreen":true}}
{"timestamp":"2025-12-02T07:57:51.965Z","event":"process","runtime":"opus67","totalMs":63.79,"detectMs":13.97,"skillsMs":12.32,"mcpsMs":9.27,"mode":"creative","confidence":1,"complexity":6,"skillsLoaded":5,"mcpsConnected":5}
{"timestamp":"2025-12-02T07:57:52.022Z","event":"boot","runtime":"opus67","durationMs":56.01,"mode":"auto","config":{"tokenBudget":50000,"maxSkills":5,"autoConnectMcps":true,"defaultMode":"auto","showBootScreen":true}}
{"timestamp":"2025-12-02T07:57:52.120Z","event":"process","runtime":"opus67","totalMs":96.64,"detectMs":19.01,"skillsMs":17.37,"mcpsMs":15.24,"mode":"build","confidence":1,"complexity":3,"skillsLoaded":4,"mcpsConnected":5}
{"timestamp":"2025-12-02T07:57:52.190Z","event":"boot","runtime":"opus67","durationMs":68.85,"mode":"auto","config":{"tokenBudget":50000,"maxSkills":5,"autoConnectMcps":true,"defaultMode":"auto","showBootScreen":true}}
{"timestamp":"2025-12-02T07:57:52.268Z","event":"process","runtime":"opus67","totalMs":76.54,"detectMs":19.8,"skillsMs":12.91,"mcpsMs":8.15,"mode":"data","confidence":0.6666666666666666,"complexity":3,"skillsLoaded":2,"mcpsConnected":6}
{"timestamp":"2025-12-02T07:57:52.323Z","event":"boot","runtime":"opus67","durationMs":54.91,"mode":"auto","config":{"tokenBudget":50000,"maxSkills":5,"autoConnectMcps":true,"defaultMode":"auto","showBootScreen":true}}
{"timestamp":"2025-12-02T07:57:52.404Z","event":"process","runtime":"opus67","totalMs":79.17,"detectMs":20.06,"skillsMs":13.22,"mcpsMs":9.63,"mode":"vibe","confidence":1,"complexity":4,"skillsLoaded":4,"mcpsConnected":4}
{"timestamp":"2025-12-02T07:57:52.472Z","event":"boot","runtime":"opus67","durationMs":67.05,"mode":"vibe","config":{"tokenBudget":50000,"maxSkills":5,"autoConnectMcps":true,"defaultMode":"auto","showBootScreen":true}}
